face-recognition-master2(phone)/facerecognition/build/outputs/logs/manifest-merger-debug-report.txt
-- Merging decision tree log ---
manifest
ADDED from src\main\AndroidManifest.xml:2:1-49:12
	xmlns:android
		ADDED from src\main\AndroidManifest.xml:2:11-69
	package
		ADDED from src\main\AndroidManifest.xml:3:11-54
		INJECTED from src\main\AndroidManifest.xml
		INJECTED from src\main\AndroidManifest.xml
	android:versionName
		ADDED from src\main\AndroidManifest.xml:5:11-36
		INJECTED from src\main\AndroidManifest.xml
		INJECTED from src\main\AndroidManifest.xml
	android:versionCode
		ADDED from src\main\AndroidManifest.xml:4:11-35
		INJECTED from src\main\AndroidManifest.xml
		INJECTED from src\main\AndroidManifest.xml
uses-permission#android.permission.WRITE_EXTERNAL_STORAGE
ADDED from src\main\AndroidManifest.xml:6:5-81
	android:name
		ADDED from src\main\AndroidManifest.xml:6:22-78
application
ADDED from src\main\AndroidManifest.xml:7:5-32:19
	android:label
		ADDED from src\main\AndroidManifest.xml:8:9-41
	android:icon
		ADDED from src\main\AndroidManifest.xml:9:9-43
	android:theme
		ADDED from src\main\AndroidManifest.xml:10:9-67
activity#org.opencv.javacv.facerecognition.FdActivity
ADDED from src\main\AndroidManifest.xml:12:9-20:20
	android:screenOrientation
		ADDED from src\main\AndroidManifest.xml:14:19-56
	android:label
		ADDED from src\main\AndroidManifest.xml:13:19-51
	android:configChanges
		ADDED from src\main\AndroidManifest.xml:15:19-69
	android:name
		ADDED from src\main\AndroidManifest.xml:12:19-78
intent-filter#android.intent.action.MAIN+android.intent.category.LAUNCHER
ADDED from src\main\AndroidManifest.xml:16:13-19:29
action#android.intent.action.MAIN
ADDED from src\main\AndroidManifest.xml:17:17-69
	android:name
		ADDED from src\main\AndroidManifest.xml:17:25-66
category#android.intent.category.LAUNCHER
ADDED from src\main\AndroidManifest.xml:18:17-77
	android:name
		ADDED from src\main\AndroidManifest.xml:18:27-74
activity#org.opencv.javacv.facerecognition.ImageGallery
ADDED from src\main\AndroidManifest.xml:22:9-30:20
	android:screenOrientation
		ADDED from src\main\AndroidManifest.xml:24:19-56
	android:label
		ADDED from src\main\AndroidManifest.xml:23:19-51
	android:configChanges
		ADDED from src\main\AndroidManifest.xml:25:19-69
	android:name
		ADDED from src\main\AndroidManifest.xml:22:19-80
intent-filter#android.intent.action.VIEW+android.intent.category.DEFAULT
ADDED from src\main\AndroidManifest.xml:26:9-29:19
action#android.intent.action.VIEW
ADDED from src\main\AndroidManifest.xml:27:3-55
	android:name
		ADDED from src\main\AndroidManifest.xml:27:11-52
category#android.intent.category.DEFAULT
ADDED from src\main\AndroidManifest.xml:28:3-62
	android:name
		ADDED from src\main\AndroidManifest.xml:28:13-59
supports-screens
ADDED from src\main\AndroidManifest.xml:34:5-38:51
	android:resizeable
		ADDED from src\main\AndroidManifest.xml:34:23-48
	android:largeScreens
		ADDED from src\main\AndroidManifest.xml:37:23-50
	android:anyDensity
		ADDED from src\main\AndroidManifest.xml:38:23-48
	android:normalScreens
		ADDED from src\main\AndroidManifest.xml:36:23-51
	android:smallScreens
		ADDED from src\main\AndroidManifest.xml:35:23-50
uses-sdk
ADDED from src\main\AndroidManifest.xml:40:5-43
MERGED from [face-recognition-master2(phone):openCVLibrary2410:unspecified] AndroidManifest.xml:7:5-9:40
	android:targetSdkVersion
		INJECTED from src\main\AndroidManifest.xml
		INJECTED from src\main\AndroidManifest.xml
	android:minSdkVersion
		ADDED from src\main\AndroidManifest.xml:40:15-40
		INJECTED from src\main\AndroidManifest.xml
		INJECTED from src\main\AndroidManifest.xml
uses-permission#android.permission.CAMERA
ADDED from src\main\AndroidManifest.xml:42:5-64
	android:name
		ADDED from src\main\AndroidManifest.xml:42:22-62
uses-feature#android.hardware.camera
ADDED from src\main\AndroidManifest.xml:44:5-84
	android:required
		ADDED from src\main\AndroidManifest.xml:44:58-82
	android:name
		ADDED from src\main\AndroidManifest.xml:44:19-57
uses-feature#android.hardware.camera.autofocus
ADDED from src\main\AndroidManifest.xml:45:5-94
	android:required
		ADDED from src\main\AndroidManifest.xml:45:68-92
	android:name
		ADDED from src\main\AndroidManifest.xml:45:19-67
uses-feature#android.hardware.camera.front
ADDED from src\main\AndroidManifest.xml:46:5-90
	android:required
		ADDED from src\main\AndroidManifest.xml:46:64-88
	android:name
		ADDED from src\main\AndroidManifest.xml:46:19-63
uses-feature#android.hardware.camera.front.autofocus
ADDED from src\main\AndroidManifest.xml:47:5-100
	android:required
		ADDED from src\main\AndroidManifest.xml:47:74-98
	android:name
		ADDED from src\main\AndroidManifest.xml:47:19-73